<?xml version="1.0" encoding="UTF-8"?>
<testng-results ignored="0" total="2" passed="2" failed="0" skipped="0">
  <reporter-output>
  </reporter-output>
  <suite started-at="2022-08-10T19:33:01 IST" name="Default suite" finished-at="2022-08-10T19:33:01 IST" duration-ms="52">
    <groups>
    </groups>
    <test started-at="2022-08-10T19:33:01 IST" name="Default test" finished-at="2022-08-10T19:33:01 IST" duration-ms="52">
      <class name="testVagrant.assessment.AppTest">
        <test-method signature="VerifyPlayerCount()[pri:0, instance:testVagrant.assessment.AppTest@2fb3536e]" started-at="2022-08-10T19:33:01 IST" name="VerifyPlayerCount" finished-at="2022-08-10T19:33:01 IST" duration-ms="17" status="PASS">
          <reporter-output>
          </reporter-output>
        </test-method> <!-- VerifyPlayerCount -->
        <test-method signature="VerifyWicketKeeper()[pri:0, instance:testVagrant.assessment.AppTest@2fb3536e]" started-at="2022-08-10T19:33:01 IST" name="VerifyWicketKeeper" finished-at="2022-08-10T19:33:01 IST" duration-ms="3" status="PASS">
          <reporter-output>
          </reporter-output>
        </test-method> <!-- VerifyWicketKeeper -->
      </class> <!-- testVagrant.assessment.AppTest -->
    </test> <!-- Default test -->
  </suite> <!-- Default suite -->
</testng-results>
